2022/05/28 17:09:11 [notice] 1#1: using the "epoll" event method
2022/05/28 17:09:11 [notice] 1#1: nginx/1.22.0
2022/05/28 17:09:11 [notice] 1#1: built by gcc 10.2.1 20210110 (Debian 10.2.1-6) 
2022/05/28 17:09:11 [notice] 1#1: OS: Linux 5.10.104-linuxkit
2022/05/28 17:09:11 [notice] 1#1: getrlimit(RLIMIT_NOFILE): 1048576:1048576
2022/05/28 17:09:11 [notice] 1#1: start worker processes
2022/05/28 17:09:11 [notice] 1#1: start worker process 25
2022/05/28 17:09:11 [notice] 1#1: start worker process 26
2022/05/28 17:09:11 [notice] 1#1: start worker process 27
2022/05/28 17:09:11 [notice] 1#1: start worker process 28
2022/05/29 00:14:22 [notice] 29#29: signal process started
2022/05/29 00:14:22 [notice] 1#1: signal 1 (SIGHUP) received from 29, reconfiguring
2022/05/29 00:14:22 [notice] 1#1: reconfiguring
2022/05/29 00:14:22 [notice] 1#1: using the "epoll" event method
2022/05/29 00:14:22 [notice] 1#1: start worker processes
2022/05/29 00:14:22 [notice] 1#1: start worker process 36
2022/05/29 00:14:22 [notice] 1#1: start worker process 37
2022/05/29 00:14:22 [notice] 1#1: start worker process 38
2022/05/29 00:14:22 [notice] 1#1: start worker process 39
2022/05/29 00:14:22 [notice] 28#28: gracefully shutting down
2022/05/29 00:14:22 [notice] 26#26: gracefully shutting down
2022/05/29 00:14:22 [notice] 27#27: gracefully shutting down
2022/05/29 00:14:22 [notice] 28#28: exiting
2022/05/29 00:14:22 [notice] 25#25: gracefully shutting down
2022/05/29 00:14:22 [notice] 26#26: exiting
2022/05/29 00:14:22 [notice] 27#27: exiting
2022/05/29 00:14:22 [notice] 27#27: exit
2022/05/29 00:14:22 [notice] 28#28: exit
2022/05/29 00:14:22 [notice] 26#26: exit
2022/05/29 00:14:22 [notice] 25#25: exiting
2022/05/29 00:14:22 [notice] 25#25: exit
2022/05/29 00:14:22 [notice] 1#1: signal 17 (SIGCHLD) received from 28
2022/05/29 00:14:22 [notice] 1#1: worker process 28 exited with code 0
2022/05/29 00:14:22 [notice] 1#1: signal 29 (SIGIO) received
2022/05/29 00:14:22 [notice] 1#1: signal 17 (SIGCHLD) received from 27
2022/05/29 00:14:22 [notice] 1#1: worker process 26 exited with code 0
2022/05/29 00:14:22 [notice] 1#1: worker process 27 exited with code 0
2022/05/29 00:14:22 [notice] 1#1: signal 29 (SIGIO) received
2022/05/29 00:14:22 [notice] 1#1: signal 17 (SIGCHLD) received from 25
2022/05/29 00:14:22 [notice] 1#1: worker process 25 exited with code 0
2022/05/29 00:14:22 [notice] 1#1: signal 29 (SIGIO) received
